<?xml version="1.0" encoding="UTF-8"?>
<!-- Generated by org.testng.reporters.JUnitReportReporter -->
<testsuite hostname="DESKTOP-4ARGE4M" failures="0" tests="1" name="testng.PracticeEnabled" time="0.014" errors="0" timestamp="2025-06-03T18:12:52 IST" skipped="0">
  <testcase classname="testng.PracticeEnabled" name="students" time="0.014">
    <system-out>
      <![CDATA[students]]>
    </system-out>
  </testcase> <!-- students -->
  <system-out>
    <![CDATA[students]]>
  </system-out>
</testsuite> <!-- testng.PracticeEnabled -->
