<?xml version="1.0" encoding="UTF-8"?>
<!-- Generated by org.testng.reporters.JUnitReportReporter -->
<testsuite hostname="DESKTOP-4ARGE4M" failures="0" tests="1" name="campaign.CreateCampaignTest" time="4.522" errors="0" timestamp="2025-06-10T15:08:50 IST" skipped="0">
  <testcase classname="campaign.CreateCampaignTest" name="CreateCampaignWithMandatoryFieldsTest" time="4.522">
    <system-out>
      <![CDATA[===========CreateCampaignWithMandatoryFieldsTest Execution STARTED=======
==========CreateCampaignWithMandatoryFieldsTest SUCCESS===========]]>
    </system-out>
  </testcase> <!-- CreateCampaignWithMandatoryFieldsTest -->
  <system-out>
    <![CDATA[Report Configuration
===========CreateCampaignWithMandatoryFieldsTest Execution STARTED=======
==========CreateCampaignWithMandatoryFieldsTest SUCCESS===========
===========CreateContactWithMandatoryFieldsTest Execution STARTED=======
==========CreateContactWithMandatoryFieldsTest SUCCESS===========]]>
  </system-out>
</testsuite> <!-- campaign.CreateCampaignTest -->
