<?xml version="1.0" encoding="UTF-8"?>
<!-- Generated by org.testng.reporters.JUnitReportReporter -->
<testsuite hostname="DESKTOP-4ARGE4M" failures="0" tests="5" name="testng.PracticeThreadPoolSize" time="24.490" errors="0" timestamp="2025-06-03T18:09:03 IST" skipped="0">
  <testcase classname="testng.PracticeThreadPoolSize" name="students" time="5.375">
    <system-out>
      <![CDATA[students]]>
    </system-out>
  </testcase> <!-- students -->
  <testcase classname="testng.PracticeThreadPoolSize" name="students" time="4.329">
    <system-out>
      <![CDATA[students]]>
    </system-out>
  </testcase> <!-- students -->
  <testcase classname="testng.PracticeThreadPoolSize" name="students" time="4.087">
    <system-out>
      <![CDATA[students]]>
    </system-out>
  </testcase> <!-- students -->
  <testcase classname="testng.PracticeThreadPoolSize" name="students" time="5.349">
    <system-out>
      <![CDATA[students]]>
    </system-out>
  </testcase> <!-- students -->
  <testcase classname="testng.PracticeThreadPoolSize" name="students" time="5.350">
    <system-out>
      <![CDATA[students]]>
    </system-out>
  </testcase> <!-- students -->
  <system-out>
    <![CDATA[students
students
students
students
students]]>
  </system-out>
</testsuite> <!-- testng.PracticeThreadPoolSize -->
