<?xml version="1.0" encoding="UTF-8"?>
<!-- Generated by org.testng.reporters.JUnitReportReporter -->
<testsuite hostname="DESKTOP-4ARGE4M" failures="0" tests="5" name="testng.PracticeInvoicationCount" time="0.041" errors="0" timestamp="2025-06-03T17:53:38 IST" skipped="0">
  <testcase classname="testng.PracticeInvoicationCount" name="students" time="0.006">
    <system-out>
      <![CDATA[students]]>
    </system-out>
  </testcase> <!-- students -->
  <testcase classname="testng.PracticeInvoicationCount" name="students" time="0.020">
    <system-out>
      <![CDATA[students]]>
    </system-out>
  </testcase> <!-- students -->
  <testcase classname="testng.PracticeInvoicationCount" name="students" time="0.004">
    <system-out>
      <![CDATA[students]]>
    </system-out>
  </testcase> <!-- students -->
  <testcase classname="testng.PracticeInvoicationCount" name="students" time="0.004">
    <system-out>
      <![CDATA[students]]>
    </system-out>
  </testcase> <!-- students -->
  <testcase classname="testng.PracticeInvoicationCount" name="students" time="0.007">
    <system-out>
      <![CDATA[students]]>
    </system-out>
  </testcase> <!-- students -->
  <system-out>
    <![CDATA[students
students
students
students
students]]>
  </system-out>
</testsuite> <!-- testng.PracticeInvoicationCount -->
