<?xml version="1.0" encoding="UTF-8"?>
<!-- Generated by org.testng.reporters.JUnitReportReporter -->
<testsuite hostname="DESKTOP-4ARGE4M" failures="0" tests="1" name="campaign.CreateContactTest" time="3.821" errors="0" timestamp="2025-06-10T15:08:50 IST" skipped="0">
  <testcase classname="campaign.CreateContactTest" name="CreateContactWithMandatoryFieldsTest" time="3.821">
    <system-out>
      <![CDATA[===========CreateContactWithMandatoryFieldsTest Execution STARTED=======
==========CreateContactWithMandatoryFieldsTest SUCCESS===========]]>
    </system-out>
  </testcase> <!-- CreateContactWithMandatoryFieldsTest -->
  <system-out>
    <![CDATA[Report Configuration
===========CreateCampaignWithMandatoryFieldsTest Execution STARTED=======
==========CreateCampaignWithMandatoryFieldsTest SUCCESS===========
===========CreateContactWithMandatoryFieldsTest Execution STARTED=======
==========CreateContactWithMandatoryFieldsTest SUCCESS===========]]>
  </system-out>
</testsuite> <!-- campaign.CreateContactTest -->
