<?xml version="1.0" encoding="UTF-8"?>
<!-- Generated by org.testng.reporters.JUnitReportReporter -->
<testsuite hostname="DESKTOP-4ARGE4M" failures="0" tests="4" name="testng.Demo" time="0.021" errors="0" timestamp="2025-06-03T17:46:11 IST" skipped="0">
  <testcase classname="testng.Demo" name="students" time="0.013">
    <system-out>
      <![CDATA[students]]>
    </system-out>
  </testcase> <!-- students -->
  <testcase classname="testng.Demo" name="Deepanshu" time="0.003">
    <system-out>
      <![CDATA[Deepanshu]]>
    </system-out>
  </testcase> <!-- Deepanshu -->
  <testcase classname="testng.Demo" name="coolTeacher" time="0.002">
    <system-out>
      <![CDATA[coolTeacher]]>
    </system-out>
  </testcase> <!-- coolTeacher -->
  <testcase classname="testng.Demo" name="Azim" time="0.003">
    <system-out>
      <![CDATA[Azim]]>
    </system-out>
  </testcase> <!-- Azim -->
  <system-out>
    <![CDATA[students
Deepanshu
coolTeacher
Azim]]>
  </system-out>
</testsuite> <!-- testng.Demo -->
