<?xml version="1.0" encoding="UTF-8"?>
<!-- Generated by org.testng.reporters.JUnitReportReporter -->
<testsuite hostname="DESKTOP-4ARGE4M" failures="0" tests="5" name="testng.PracticeDependsOn" time="8.678" errors="0" timestamp="2025-06-03T18:50:13 IST" skipped="0">
  <testcase classname="testng.PracticeDependsOn" name="system" time="0.012">
    <system-out>
      <![CDATA[lkjhgfdsa]]>
    </system-out>
  </testcase> <!-- system -->
  <testcase classname="testng.PracticeDependsOn" name="students" time="2.392">
    <system-out>
      <![CDATA[students]]>
    </system-out>
  </testcase> <!-- students -->
  <testcase classname="testng.PracticeDependsOn" name="staffs" time="2.886">
    <system-out>
      <![CDATA[staffs]]>
    </system-out>
  </testcase> <!-- staffs -->
  <testcase classname="testng.PracticeDependsOn" name="test" time="0.250">
    <system-out>
      <![CDATA[test]]>
    </system-out>
  </testcase> <!-- test -->
  <testcase classname="testng.PracticeDependsOn" name="uber" time="3.138">
    <system-out>
      <![CDATA[advancedSelenium]]>
    </system-out>
  </testcase> <!-- uber -->
  <system-out>
    <![CDATA[lkjhgfdsa
staffs
students
advancedSelenium
test]]>
  </system-out>
</testsuite> <!-- testng.PracticeDependsOn -->
