<?xml version="1.0" encoding="UTF-8"?>
<!-- Generated by org.testng.reporters.JUnitReportReporter -->
<testsuite hostname="DESKTOP-4ARGE4M" failures="0" tests="1" name="testng.WorkingWithTakingScreenshot" time="3.626" errors="0" timestamp="2025-06-10T14:58:48 IST" skipped="0">
  <testcase classname="testng.WorkingWithTakingScreenshot" name="takeSS" time="3.626"/>
</testsuite> <!-- testng.WorkingWithTakingScreenshot -->
