<?xml version="1.0" encoding="UTF-8"?>
<!-- Generated by org.testng.reporters.JUnitReportReporter -->
<testsuite hostname="DESKTOP-4ARGE4M" failures="0" tests="4" name="testng.DataProviderPractice" time="0.034" errors="0" timestamp="2025-06-07T15:40:39 IST" skipped="0">
  <testcase classname="testng.DataProviderPractice" name="login" time="0.002"/>
  <testcase classname="testng.DataProviderPractice" name="login" time="0.002"/>
  <testcase classname="testng.DataProviderPractice" name="login" time="0.027"/>
  <testcase classname="testng.DataProviderPractice" name="login" time="0.003"/>
</testsuite> <!-- testng.DataProviderPractice -->
