<?xml version="1.0" encoding="UTF-8"?>
<!-- Generated by org.testng.reporters.JUnitReportReporter -->
<testsuite hostname="DESKTOP-4ARGE4M" failures="0" tests="1" name="testng.ConfigAnnoations" time="0.009" errors="0" timestamp="2025-06-07T17:27:53 IST" skipped="0">
  <testcase classname="testng.ConfigAnnoations" name="test" time="0.009"/>
</testsuite> <!-- testng.ConfigAnnoations -->
