<?xml version="1.0" encoding="UTF-8"?>
<!-- Generated by org.testng.reporters.JUnitReportReporter -->
<testsuite hostname="DESKTOP-4ARGE4M" failures="0" tests="1" name="pac1.Test1" time="0.010" errors="0" timestamp="2025-06-21T10:50:19 IST" skipped="0">
  <testcase classname="pac1.Test1" name="demo" time="0.010"/>
</testsuite> <!-- pac1.Test1 -->
